 
****************************************
Report : area
Design : mipsCore
Version: K-2015.06-SP1
Date   : Sat Dec 10 15:05:44 2016
****************************************

Library(s) Used:

    saed32hvt_tt0p85v25c (File: /afs/asu.edu/class/e/e/e/eee333/2016_01_SPR-Brun/saed32hvt_tt0p85v25c.db)

Number of ports:                          278
Number of nets:                         31223
Number of cells:                        30439
Number of combinational cells:          30024
Number of sequential cells:               415
Number of macros/black boxes:               0
Number of buf/inv:                       5325
Number of references:                      75

Combinational area:              68386.338102
Buf/Inv area:                     7506.651406
Noncombinational area:            2953.153331
Macro/Black Box area:                0.000000
Net Interconnect area:           29159.724664

Total cell area:                 71339.491433
Total area:                     100499.216097

The above information was reported from the logical library. The following are from the physical library:

Hierarchical area distribution
------------------------------

                                  Global cell area            Local cell area
                                  -------------------  ----------------------------- 
Hierarchical cell                 Absolute    Percent  Combi-      Noncombi-  Black-
                                  Total       Total    national    national   boxes   Design
--------------------------------  ----------  -------  ----------  ---------  ------  ---------
mipsCore                          71339.4914    100.0  68386.3381  2953.1533  0.0000  mipsCore
--------------------------------  ----------  -------  ----------  ---------  ------  ---------
Total                                                  68386.3381  2953.1533  0.0000

1
