Information: Propagating switching activity (high effort zero delay simulation). (PWR-6)
Warning: Design has unannotated primary inputs. (PWR-414)
Warning: Design has unannotated sequential cell outputs. (PWR-415)
 
****************************************
Report : power
        -analysis_effort high
Design : mipsCore
Version: K-2015.06-SP1
Date   : Sat Dec 10 15:05:47 2016
****************************************


Library(s) Used:

    saed32hvt_tt0p85v25c (File: /afs/asu.edu/class/e/e/e/eee333/2016_01_SPR-Brun/saed32hvt_tt0p85v25c.db)


Operating Conditions: tt0p85v25c   Library: saed32hvt_tt0p85v25c
Wire Load Model Mode: enclosed

Design        Wire Load Model            Library
------------------------------------------------
mipsCore               140000            saed32hvt_tt0p85v25c


Global Operating Voltage = 0.85 
Power-specific unit information :
    Voltage Units = 1V
    Capacitance Units = 1.000000ff
    Time Units = 1ns
    Dynamic Power Units = 1uW    (derived from V,C,T units)
    Leakage Power Units = 1pW


  Cell Internal Power  =   1.4477 mW   (77%)
  Net Switching Power  = 428.6639 uW   (23%)
                         ---------
Total Dynamic Power    =   1.8763 mW  (100%)

Cell Leakage Power     =  57.4110 uW


                 Internal         Switching           Leakage            Total
Power Group      Power            Power               Power              Power   (   %    )  Attrs
--------------------------------------------------------------------------------------------------
io_pad             0.0000            0.0000            0.0000            0.0000  (   0.00%)
memory             0.0000            0.0000            0.0000            0.0000  (   0.00%)
black_box          0.0000            0.0000            0.0000            0.0000  (   0.00%)
clock_network      0.0000            0.0000            0.0000            0.0000  (   0.00%)
register         471.4438            3.1823        3.9944e+06          478.6207  (  24.75%)
sequential         0.0000            0.0000            0.0000            0.0000  (   0.00%)
combinational    976.2375          425.4797        5.3417e+07        1.4551e+03  (  75.25%)
--------------------------------------------------------------------------------------------------
Total          1.4477e+03 uW       428.6620 uW     5.7411e+07 pW     1.9338e+03 uW
1
